c:\users\matthew\source\repos\irc\irc\debug\vc142.pdb
c:\users\matthew\source\repos\irc\irc\debug\vc142.idb
c:\users\matthew\source\repos\irc\irc\debug\userlist.obj
c:\users\matthew\source\repos\irc\irc\debug\user.obj
c:\users\matthew\source\repos\irc\irc\debug\source.obj
c:\users\matthew\source\repos\irc\irc\debug\serverconnection.obj
c:\users\matthew\source\repos\irc\irc\debug\inet4address.obj
c:\users\matthew\source\repos\irc\irc\debug\connectioninstance.obj
c:\users\matthew\source\repos\irc\irc\debug\connection.obj
c:\users\matthew\source\repos\irc\irc\debug\command.obj
c:\users\matthew\source\repos\irc\irc\debug\clientconnection.obj
c:\users\matthew\source\repos\irc\irc\debug\channellist.obj
c:\users\matthew\source\repos\irc\irc\debug\channel.obj
c:\users\matthew\source\repos\irc\debug\irc.ilk
c:\users\matthew\source\repos\irc\debug\irc.exe
c:\users\matthew\source\repos\irc\debug\irc.pdb
c:\users\matthew\source\repos\irc\irc\debug\irc.tlog\cl.command.1.tlog
c:\users\matthew\source\repos\irc\irc\debug\irc.tlog\cl.read.1.tlog
c:\users\matthew\source\repos\irc\irc\debug\irc.tlog\cl.write.1.tlog
c:\users\matthew\source\repos\irc\irc\debug\irc.tlog\link.command.1.tlog
c:\users\matthew\source\repos\irc\irc\debug\irc.tlog\link.read.1.tlog
c:\users\matthew\source\repos\irc\irc\debug\irc.tlog\link.write.1.tlog
